[percy] worker online — watching percy_chats
[answered] percy_live_1 
[answered] pc_1781840078575_yyb5mp 
[answered] pc_1781840130626_44hgij 
[answered] pc_1781840195465_cbs55i (+chart)
[answered] pc_1781840235068_ret35g 
[answered] pc_1781840295012_5o4uc4 
[percy] worker online — watching percy_chats
[answered] percy_t_pie (+chart)
[answered] percy_t_bar (+chart)
[answered] pc_1781841665876_rjq6c6 (+chart)
[answered] pc_1781841776647_uf56wh 
[answered] pc_1781841910797_j7nrq8 
[percy] worker online — watching percy_chats
[answered] percy_s_sms 
[answered] percy_s_task 
[answered] percy_s_cli 
[answered] pc_1781842258153_kqiyuq 
[percy] worker online — watching percy_chats
[answered] percy_v_proj 
[answered] percy_v_sop 
[answered] pc_1781843410514_98k8o2 
[answered] pc_1781843523661_iwygmh (+chart)
[answered] pc_1781843609358_an5voc 
[answered] pc_1781843697515_qn89ix (+chart)
[answered] pc_1781843771190_a01bhq 
[answered] pc_1781843828244_wdznxc 
[answered] pc_1781843911895_v8ithu 
[percy] worker online — watching percy_chats
[answered] percy_m1 
[answered] percy_m2 
[percy] worker online — watching percy_chats
